

Building a new DB, current time: 02/28/2020 15:40:33
New DB name:   /scrfs/storage/godwinc/watermelon_files/assn04/nad4L.fasta
New DB title:  nad4L.fasta
Sequence type: Nucleotide
Deleted existing Nucleotide BLAST database named /scrfs/storage/godwinc/watermelon_files/assn04/nad4L.fasta
Keep MBits: T
Maximum file size: 1000000000B
Adding sequences from FASTA; added 1 sequences in 0.00029397 seconds.
Citrullus_nad4L	Citrullus_nad4L	100.000	303	0	0	1	303	1	303	1.44e-164	560
PBS Job Statistics:
PBS Job ID: 4778915.sched
Resource List: neednodes=1:ppn=12,nodes=1:ppn=12,walltime=00:30:00
Resources Used: cput=00:00:00,mem=0kb,vmem=0kb,walltime=00:00:00
Queue Name: tiny12core
Program Return Code: 0
Head Node:
compute1144
PBS Job Statistics:
PBS Job ID: 4778915.sched
Resource List: neednodes=1:ppn=12,nodes=1:ppn=12,walltime=00:30:00
Resources Used: cput=00:00:00,mem=0kb,vmem=0kb,walltime=00:00:00
Queue Name: tiny12core
Program Return Code: 0
Head Node: compute1144
